<?xml version="1.0" encoding="UTF-8"?>
<testng-results skipped="0" failed="0" ignored="0" total="1" passed="1">
  <reporter-output>
  </reporter-output>
  <suite name="Default suite" duration-ms="65" started-at="2021-05-30T12:34:49 IST" finished-at="2021-05-30T12:34:49 IST">
    <groups>
    </groups>
    <test name="Default test" duration-ms="65" started-at="2021-05-30T12:34:49 IST" finished-at="2021-05-30T12:34:49 IST">
      <class name="Demo">
        <test-method status="PASS" signature="test()[pri:0, instance:Demo@731a74c]" name="test" duration-ms="12" started-at="2021-05-30T12:34:49 IST" finished-at="2021-05-30T12:34:49 IST">
          <reporter-output>
          </reporter-output>
        </test-method> <!-- test -->
      </class> <!-- Demo -->
    </test> <!-- Default test -->
  </suite> <!-- Default suite -->
</testng-results>
